<?xml version="1.0" encoding="UTF-8"?>
<!-- Generated by org.testng.reporters.JUnitXMLReporter -->
<testsuite hostname="Acer-PC" name="operaTest" tests="1" failures="1" timestamp="6 Sep 2019 06:58:22 GMT" time="4.023" errors="0">
  <testcase name="tc1" time="3.974" classname="org.cts.test.DataDriven.CrossBrowserClassA">
    <failure type="org.openqa.selenium.SessionNotCreatedException" message="session not created: No matching capabilities found
Build info: version: &amp;apos;3.141.59&amp;apos;, revision: &amp;apos;e82be7d358&amp;apos;, time: &amp;apos;2018-11-14T08:17:03&amp;apos;
System info: host: &amp;apos;ACER-PC&amp;apos;, ip: &amp;apos;192.168.43.40&amp;apos;, os.name: &amp;apos;Windows 7&amp;apos;, os.arch: &amp;apos;amd64&amp;apos;, os.version: &amp;apos;6.1&amp;apos;, java.version: &amp;apos;1.8.0_221&amp;apos;
Driver info: driver.version: OperaDriver
remote stacktrace: Backtrace:
	Ordinal0 [0x000000013F99CAB2+1952434]
	Ordinal0 [0x000000013F8D7E42+1146434]
	Ordinal0 [0x000000013F84F325+586533]
	Ordinal0 [0x000000013F7F257A+206202]
	Ordinal0 [0x000000013F7F2C01+207873]
	Ordinal0 [0x000000013F7F0ADF+199391]
	Ordinal0 [0x000000013F7D4902+84226]
	Ordinal0 [0x000000013F7D5A5E+88670]
	GetHandleVerifier [0x000000013FB0BA37+1351223]
	GetHandleVerifier [0x000000013FA4F0FA+578810]
	GetHandleVerifier [0x000000013FA4EE71+578161]
	Ordinal0 [0x000000013F9A94FC+2004220]
	GetHandleVerifier [0x000000013FA4F8D5+580821]
	Ordinal0 [0x000000013F8ED89E+1235102]
	Ordinal0 [0x000000013F8F9F66+1285990]
	Ordinal0 [0x000000013F8F8E8D+1281677]
	BaseThreadInitThunk [0x0000000076F559BD+13]
	RtlUserThreadStart [0x000000007708A2E1+33]
">
      <![CDATA[org.openqa.selenium.SessionNotCreatedException: session not created: No matching capabilities found
Build info: version: '3.141.59', revision: 'e82be7d358', time: '2018-11-14T08:17:03'
System info: host: 'ACER-PC', ip: '192.168.43.40', os.name: 'Windows 7', os.arch: 'amd64', os.version: '6.1', java.version: '1.8.0_221'
Driver info: driver.version: OperaDriver
remote stacktrace: Backtrace:
	Ordinal0 [0x000000013F99CAB2+1952434]
	Ordinal0 [0x000000013F8D7E42+1146434]
	Ordinal0 [0x000000013F84F325+586533]
	Ordinal0 [0x000000013F7F257A+206202]
	Ordinal0 [0x000000013F7F2C01+207873]
	Ordinal0 [0x000000013F7F0ADF+199391]
	Ordinal0 [0x000000013F7D4902+84226]
	Ordinal0 [0x000000013F7D5A5E+88670]
	GetHandleVerifier [0x000000013FB0BA37+1351223]
	GetHandleVerifier [0x000000013FA4F0FA+578810]
	GetHandleVerifier [0x000000013FA4EE71+578161]
	Ordinal0 [0x000000013F9A94FC+2004220]
	GetHandleVerifier [0x000000013FA4F8D5+580821]
	Ordinal0 [0x000000013F8ED89E+1235102]
	Ordinal0 [0x000000013F8F9F66+1285990]
	Ordinal0 [0x000000013F8F8E8D+1281677]
	BaseThreadInitThunk [0x0000000076F559BD+13]
	RtlUserThreadStart [0x000000007708A2E1+33]

	at org.openqa.selenium.remote.W3CHandshakeResponse.lambda$errorHandler$0(W3CHandshakeResponse.java:62)
	at org.openqa.selenium.remote.HandshakeResponse.lambda$getResponseFunction$0(HandshakeResponse.java:30)
	at org.openqa.selenium.remote.ProtocolHandshake.lambda$createSession$0(ProtocolHandshake.java:126)
	at java.util.stream.ReferencePipeline$3$1.accept(Unknown Source)
	at java.util.Spliterators$ArraySpliterator.tryAdvance(Unknown Source)
	at java.util.stream.ReferencePipeline.forEachWithCancel(Unknown Source)
	at java.util.stream.AbstractPipeline.copyIntoWithCancel(Unknown Source)
	at java.util.stream.AbstractPipeline.copyInto(Unknown Source)
	at java.util.stream.AbstractPipeline.wrapAndCopyInto(Unknown Source)
	at java.util.stream.FindOps$FindOp.evaluateSequential(Unknown Source)
	at java.util.stream.AbstractPipeline.evaluate(Unknown Source)
	at java.util.stream.ReferencePipeline.findFirst(Unknown Source)
	at org.openqa.selenium.remote.ProtocolHandshake.createSession(ProtocolHandshake.java:128)
	at org.openqa.selenium.remote.ProtocolHandshake.createSession(ProtocolHandshake.java:74)
	at org.openqa.selenium.remote.HttpCommandExecutor.execute(HttpCommandExecutor.java:136)
	at org.openqa.selenium.remote.service.DriverCommandExecutor.execute(DriverCommandExecutor.java:83)
	at org.openqa.selenium.remote.RemoteWebDriver.execute(RemoteWebDriver.java:552)
	at org.openqa.selenium.remote.RemoteWebDriver.startSession(RemoteWebDriver.java:213)
	at org.openqa.selenium.remote.RemoteWebDriver.<init>(RemoteWebDriver.java:131)
	at org.openqa.selenium.opera.OperaDriver.<init>(OperaDriver.java:173)
	at org.openqa.selenium.opera.OperaDriver.<init>(OperaDriver.java:160)
	at org.openqa.selenium.opera.OperaDriver.<init>(OperaDriver.java:115)
	at org.cts.test.DataDriven.CrossBrowserClassA.tc1(CrossBrowserClassA.java:17)
	at java.util.concurrent.FutureTask.run(Unknown Source)
	at java.util.concurrent.ThreadPoolExecutor.runWorker(Unknown Source)
	at java.util.concurrent.ThreadPoolExecutor$Worker.run(Unknown Source)
	at java.lang.Thread.run(Unknown Source)
... Removed 20 stack frames]]>
    </failure>
  </testcase> <!-- tc1 -->
</testsuite> <!-- operaTest -->
