<?xml version="1.0" encoding="UTF-8"?>
<!-- Generated by org.testng.reporters.JUnitXMLReporter -->
<testsuite hostname="Acer-PC" name="Test" tests="13" failures="1" timestamp="9 Sep 2019 12:31:10 GMT" time="0.381" errors="0">
  <testcase name="tc1" time="0.03" classname="org.cts.test.DataDriven.ParallelClassA"/>
  <testcase name="tc2" time="0.001" classname="org.cts.test.DataDriven.ParallelClassA"/>
  <testcase name="tc3" time="0.007" classname="org.cts.test.DataDriven.ParallelClassA">
    <skipped/>
  </testcase> <!-- tc3 -->
  <testcase name="tc3" time="0.002" classname="org.cts.test.DataDriven.ParallelClassA">
    <skipped/>
  </testcase> <!-- tc3 -->
  <testcase name="tc3" time="0.003" classname="org.cts.test.DataDriven.ParallelClassA">
    <skipped/>
  </testcase> <!-- tc3 -->
  <testcase name="tc3" time="0.004" classname="org.cts.test.DataDriven.ParallelClassA">
    <skipped/>
  </testcase> <!-- tc3 -->
  <testcase name="tc3" time="0.002" classname="org.cts.test.DataDriven.ParallelClassA">
    <skipped/>
  </testcase> <!-- tc3 -->
  <testcase name="tc3" time="0.001" classname="org.cts.test.DataDriven.ParallelClassA">
    <skipped/>
  </testcase> <!-- tc3 -->
  <testcase name="tc3" time="0.001" classname="org.cts.test.DataDriven.ParallelClassA">
    <skipped/>
  </testcase> <!-- tc3 -->
  <testcase name="tc3" time="0.004" classname="org.cts.test.DataDriven.ParallelClassA">
    <skipped/>
  </testcase> <!-- tc3 -->
  <testcase name="tc3" time="0.002" classname="org.cts.test.DataDriven.ParallelClassA">
    <skipped/>
  </testcase> <!-- tc3 -->
  <testcase name="tc3" time="0.018" classname="org.cts.test.DataDriven.ParallelClassA">
    <skipped/>
  </testcase> <!-- tc3 -->
  <testcase name="tc3" time="0.038" classname="org.cts.test.DataDriven.ParallelClassA">
    <failure type="java.lang.AssertionError" message="expected [true] but found [false]">
      <![CDATA[java.lang.AssertionError: expected [true] but found [false]
	at org.cts.test.DataDriven.ParallelClassA.tc3(ParallelClassA.java:20)
... Removed 28 stack frames]]>
    </failure>
  </testcase> <!-- tc3 -->
</testsuite> <!-- Test -->
