<?xml version="1.0" encoding="UTF-8"?>
<testng-results skipped="0" failed="0" total="4" passed="4">
  <reporter-output>
  </reporter-output>
  <suite name="Suite" duration-ms="177463" started-at="2019-08-21T06:13:34Z" finished-at="2019-08-21T06:16:32Z">
    <groups>
    </groups>
    <test name="Test" duration-ms="177463" started-at="2019-08-21T06:13:34Z" finished-at="2019-08-21T06:16:32Z">
      <class name="org.cts.test.DataDriven.TC1">
        <test-method status="PASS" signature="tc3(java.lang.String, java.lang.String)[pri:1, instance:org.cts.test.DataDriven.TC1@1fbc7afb]" name="tc3" duration-ms="37845" started-at="2019-08-21T11:43:34Z" finished-at="2019-08-21T11:44:12Z">
          <params>
            <param index="0">
              <value>
                <![CDATA[Chennai]]>
              </value>
            </param>
            <param index="1">
              <value>
                <![CDATA[Amsterdam]]>
              </value>
            </param>
          </params>
          <reporter-output>
          </reporter-output>
        </test-method> <!-- tc3 -->
        <test-method status="PASS" signature="tc4(java.lang.String, java.lang.String)[pri:2, instance:org.cts.test.DataDriven.TC1@1fbc7afb]" name="tc4" duration-ms="60215" started-at="2019-08-21T11:44:12Z" finished-at="2019-08-21T11:45:12Z">
          <params>
            <param index="0">
              <value>
                <![CDATA[Manchester]]>
              </value>
            </param>
            <param index="1">
              <value>
                <![CDATA[Kolkata]]>
              </value>
            </param>
          </params>
          <reporter-output>
          </reporter-output>
        </test-method> <!-- tc4 -->
        <test-method status="PASS" signature="tc2(java.lang.String, java.lang.String)[pri:3, instance:org.cts.test.DataDriven.TC1@1fbc7afb]" name="tc2" duration-ms="30907" started-at="2019-08-21T11:45:12Z" finished-at="2019-08-21T11:45:43Z">
          <params>
            <param index="0">
              <value>
                <![CDATA[Chennai]]>
              </value>
            </param>
            <param index="1">
              <value>
                <![CDATA[Madurai]]>
              </value>
            </param>
          </params>
          <reporter-output>
          </reporter-output>
        </test-method> <!-- tc2 -->
        <test-method status="PASS" signature="tc5(java.lang.String, java.lang.String)[pri:5, instance:org.cts.test.DataDriven.TC1@1fbc7afb]" name="tc5" duration-ms="48440" started-at="2019-08-21T11:45:43Z" finished-at="2019-08-21T11:46:32Z">
          <params>
            <param index="0">
              <value>
                <![CDATA[Manchester]]>
              </value>
            </param>
            <param index="1">
              <value>
                <![CDATA[Amsterdam]]>
              </value>
            </param>
          </params>
          <reporter-output>
          </reporter-output>
        </test-method> <!-- tc5 -->
      </class> <!-- org.cts.test.DataDriven.TC1 -->
    </test> <!-- Test -->
  </suite> <!-- Suite -->
</testng-results>
